<?xml version="1.0" encoding="UTF-8"?>
<testng-results ignored="0" total="0" passed="0" failed="0" skipped="0">
  <reporter-output>
  </reporter-output>
  <suite started-at="2023-03-07T21:04:28 IST" name="Suite" finished-at="2023-03-07T21:04:52 IST" duration-ms="24099">
    <groups>
    </groups>
    <test started-at="2023-03-07T21:04:28 IST" name="Test" finished-at="2023-03-07T21:04:52 IST" duration-ms="24099">
      <class name="test1.EndToEnd">
        <test-method is-config="true" signature="launchBrowser()[pri:0, instance:test1.EndToEnd@8dfe921]" started-at="2023-03-07T21:04:31 IST" name="launchBrowser" finished-at="2023-03-07T21:04:52 IST" duration-ms="20553" status="PASS">
          <reporter-output>
          </reporter-output>
        </test-method> <!-- launchBrowser -->
      </class> <!-- test1.EndToEnd -->
    </test> <!-- Test -->
  </suite> <!-- Suite -->
</testng-results>
